\BOOKMARK [0][-]{chapter.1}{\376\377\000I\000n\000f\000o\000r\000m\000a\000c\000j\000e\000\040\000o\000\040\000p\000r\000o\000j\000e\000k\000c\000i\000e}{}% 1
\BOOKMARK [0][-]{chapter.2}{\376\377\000D\000o\000k\000u\000m\000e\000n\000t\000a\000c\000j\000a\000\040\000k\000l\000a\000s}{}% 2
\BOOKMARK [1][-]{section.2.1}{\376\377\000D\000o\000k\000u\000m\000e\000n\000t\000a\000c\000j\000a\000\040\000k\000l\000a\000s\000y\000\040\000W\000y\000b\000o\000r}{chapter.2}% 3
\BOOKMARK [2][-]{subsection.2.1.1}{\376\377\000O\000p\000i\000s\000\040\000s\000z\000c\000z\000e\000g\000\363\001\102\000o\000w\000y}{section.2.1}% 4
\BOOKMARK [1][-]{section.2.2}{\376\377\000D\000o\000k\000u\000m\000e\000n\000t\000a\000c\000j\000a\000\040\000k\000l\000a\000s\000y\000\040\000P\000o\000d\000m\000e\000n\000u}{chapter.2}% 5
\BOOKMARK [2][-]{subsection.2.2.1}{\376\377\000O\000p\000i\000s\000\040\000s\000z\000c\000z\000e\000g\000\363\001\102\000o\000w\000y}{section.2.2}% 6
\BOOKMARK [1][-]{section.2.3}{\376\377\000D\000o\000k\000u\000m\000e\000n\000t\000a\000c\000j\000a\000\040\000k\000l\000a\000s\000y\000\040\000J\000e\000d\000n\000o\000z\000n\000a\000c\000z\000n\000y}{chapter.2}% 7
\BOOKMARK [2][-]{subsection.2.3.1}{\376\377\000O\000p\000i\000s\000\040\000s\000z\000c\000z\000e\000g\000\363\001\102\000o\000w\000y}{section.2.3}% 8
\BOOKMARK [1][-]{section.2.4}{\376\377\000D\000o\000k\000u\000m\000e\000n\000t\000a\000c\000j\000a\000\040\000k\000l\000a\000s\000y\000\040\000K\000o\000l\000e\000k\000c\000j\000a}{chapter.2}% 9
\BOOKMARK [2][-]{subsection.2.4.1}{\376\377\000O\000p\000i\000s\000\040\000s\000z\000c\000z\000e\000g\000\363\001\102\000o\000w\000y}{section.2.4}% 10
\BOOKMARK [1][-]{section.2.5}{\376\377\000D\000o\000k\000u\000m\000e\000n\000t\000a\000c\000j\000a\000\040\000k\000l\000a\000s\000y\000\040\000O\000b\000s\000l\000u\000g\000a}{chapter.2}% 11
\BOOKMARK [2][-]{subsection.2.5.1}{\376\377\000O\000p\000i\000s\000\040\000s\000z\000c\000z\000e\000g\000\363\001\102\000o\000w\000y}{section.2.5}% 12
\BOOKMARK [2][-]{subsection.2.5.2}{\376\377\000D\000o\000k\000u\000m\000e\000n\000t\000a\000c\000j\000a\000\040\000f\000u\000n\000k\000c\000j\000i\000\040\000s\000k\001\102\000a\000d\000o\000w\000y\000c\000h}{section.2.5}% 13
\BOOKMARK [3][-]{subsubsection.2.5.2.1}{\376\377\000D\000a\000l\000e\000j}{subsection.2.5.2}% 14
\BOOKMARK [3][-]{subsubsection.2.5.2.2}{\376\377\000D\000o\000d\000a\000j\000M\000e\000n\000u}{subsection.2.5.2}% 15
\BOOKMARK [3][-]{subsubsection.2.5.2.3}{\376\377\000D\000o\000d\000a\000j\000W\000y\000b\000o\000r\000J\000e\000d\000n}{subsection.2.5.2}% 16
\BOOKMARK [3][-]{subsubsection.2.5.2.4}{\376\377\000P\000r\000z\000y\000p\000i\000s\000z\000F\000u\000n\000k\000c\000j\000e}{subsection.2.5.2}% 17
\BOOKMARK [3][-]{subsubsection.2.5.2.5}{\376\377\000R\000o\000z\000w\000i\000n}{subsection.2.5.2}% 18
\BOOKMARK [3][-]{subsubsection.2.5.2.6}{\376\377\000U\000s\000u\000n}{subsection.2.5.2}% 19
\BOOKMARK [3][-]{subsubsection.2.5.2.7}{\376\377\000W\000s\000t\000e\000c\000z}{subsection.2.5.2}% 20
\BOOKMARK [3][-]{subsubsection.2.5.2.8}{\376\377\000W\000y\000k\000o\000n\000a\000j}{subsection.2.5.2}% 21
\BOOKMARK [3][-]{subsubsection.2.5.2.9}{\376\377\000Z\000w\000i\000n}{subsection.2.5.2}% 22
\BOOKMARK [1][-]{section.2.6}{\376\377\000D\000o\000k\000u\000m\000e\000n\000t\000a\000c\000j\000a\000\040\000k\000l\000a\000s\000y\000\040\000I\000n\000t\000e\000r\000f\000e\000j\000s}{chapter.2}% 23
\BOOKMARK [2][-]{subsection.2.6.1}{\376\377\000O\000p\000i\000s\000\040\000s\000z\000c\000z\000e\000g\000\363\001\102\000o\000w\000y}{section.2.6}% 24
\BOOKMARK [2][-]{subsection.2.6.2}{\376\377\000D\000o\000k\000u\000m\000e\000n\000t\000a\000c\000j\000a\000\040\000f\000u\000n\000k\000c\000j\000i\000\040\000s\000k\001\102\000a\000d\000o\000w\000y\000c\000h}{section.2.6}% 25
\BOOKMARK [3][-]{subsubsection.2.6.2.1}{\376\377\000P\000r\000o\000g\000r\000a\000m}{subsection.2.6.2}% 26
\BOOKMARK [3][-]{subsubsection.2.6.2.2}{\376\377\000S\000t\000a\000r\000t}{subsection.2.6.2}% 27
